  Channel.cpp
D:\尹泰碩論\M10507618\Document\程式\PolarCode_Program\PolarCode_Total\PolarCode\Polar_DEGA\Channel.cpp(43,32): warning C4244: '=': 將 'double' 轉換為 'float'，由於類型不同，可能導致資料遺失
D:\尹泰碩論\M10507618\Document\程式\PolarCode_Program\PolarCode_Total\PolarCode\Polar_DEGA\Channel.cpp(85,36): warning C4244: '=': 將 'double' 轉換為 'float'，由於類型不同，可能導致資料遺失
D:\尹泰碩論\M10507618\Document\程式\PolarCode_Program\PolarCode_Total\PolarCode\Polar_DEGA\Channel.cpp(86,42): warning C4244: '=': 將 'double' 轉換為 'float'，由於類型不同，可能導致資料遺失
D:\尹泰碩論\M10507618\Document\程式\PolarCode_Program\PolarCode_Total\PolarCode\Polar_DEGA\Channel.cpp(135,37): warning C4244: '=': 將 'double' 轉換為 'float'，由於類型不同，可能導致資料遺失
D:\尹泰碩論\M10507618\Document\程式\PolarCode_Program\PolarCode_Total\PolarCode\Polar_DEGA\Channel.cpp(140,54): warning C4244: '=': 將 'double' 轉換為 'float'，由於類型不同，可能導致資料遺失
D:\尹泰碩論\M10507618\Document\程式\PolarCode_Program\PolarCode_Total\PolarCode\Polar_DEGA\Channel.cpp(147,43): warning C4244: '=': 將 'double' 轉換為 'float'，由於類型不同，可能導致資料遺失
D:\尹泰碩論\M10507618\Document\程式\PolarCode_Program\PolarCode_Total\PolarCode\Polar_DEGA\Channel.cpp(152,60): warning C4244: '=': 將 'double' 轉換為 'float'，由於類型不同，可能導致資料遺失
D:\尹泰碩論\M10507618\Document\程式\PolarCode_Program\PolarCode_Total\PolarCode\Polar_DEGA\Channel.cpp(207,48): warning C4244: '=': 將 'double' 轉換為 'float'，由於類型不同，可能導致資料遺失
D:\尹泰碩論\M10507618\Document\程式\PolarCode_Program\PolarCode_Total\PolarCode\Polar_DEGA\Channel.cpp(208,58): warning C4244: '=': 將 'double' 轉換為 'float'，由於類型不同，可能導致資料遺失
D:\尹泰碩論\M10507618\Document\程式\PolarCode_Program\PolarCode_Total\PolarCode\Polar_DEGA\Channel.cpp(184,33): warning C4101: 'R_V': 未參考的區域變數
D:\尹泰碩論\M10507618\Document\程式\PolarCode_Program\PolarCode_Total\PolarCode\Polar_DEGA\Channel.cpp(186,8): warning C4101: 'scalar': 未參考的區域變數
D:\尹泰碩論\M10507618\Document\程式\PolarCode_Program\PolarCode_Total\PolarCode\Polar_DEGA\Channel.cpp(189,6): warning C4101: 'T': 未參考的區域變數
  Construction.cpp
D:\尹泰碩論\M10507618\Document\程式\PolarCode_Program\PolarCode_Total\PolarCode\Polar_DEGA\Construction.cpp(111,10): warning C4244: '正在初始化': 將 'double' 轉換為 'int'，由於類型不同，可能導致資料遺失
D:\尹泰碩論\M10507618\Document\程式\PolarCode_Program\PolarCode_Total\PolarCode\Polar_DEGA\Construction.cpp(43,23): warning C4101: 'L': 未參考的區域變數
D:\尹泰碩論\M10507618\Document\程式\PolarCode_Program\PolarCode_Total\PolarCode\Polar_DEGA\Construction.cpp(43,26): warning C4101: 'I': 未參考的區域變數
D:\尹泰碩論\M10507618\Document\程式\PolarCode_Program\PolarCode_Total\PolarCode\Polar_DEGA\Construction.cpp(42,9): warning C4101: 'variance': 未參考的區域變數
D:\尹泰碩論\M10507618\Document\程式\PolarCode_Program\PolarCode_Total\PolarCode\Polar_DEGA\Construction.cpp(41,9): warning C4101: 'rndm': 未參考的區域變數
  Main.cpp
D:\尹泰碩論\M10507618\Document\程式\PolarCode_Program\PolarCode_Total\PolarCode\Polar_DEGA\Main.cpp(35,12): warning C4244: '引數': 將 'time_t' 轉換為 'unsigned int'，由於類型不同，可能導致資料遺失
D:\尹泰碩論\M10507618\Document\程式\PolarCode_Program\PolarCode_Total\PolarCode\Polar_DEGA\Main.cpp(100,47): warning C4244: '引數': 將 'double' 轉換為 'float'，由於類型不同，可能導致資料遺失
D:\尹泰碩論\M10507618\Document\程式\PolarCode_Program\PolarCode_Total\PolarCode\Polar_DEGA\Main.cpp(112,43): warning C4244: '引數': 將 'double' 轉換為 'float'，由於類型不同，可能導致資料遺失
D:\尹泰碩論\M10507618\Document\程式\PolarCode_Program\PolarCode_Total\PolarCode\Polar_DEGA\Main.cpp(119,47): warning C4244: '引數': 將 'double' 轉換為 'float'，由於類型不同，可能導致資料遺失
D:\尹泰碩論\M10507618\Document\程式\PolarCode_Program\PolarCode_Total\PolarCode\Polar_DEGA\Main.cpp(17,32): warning C4101: 'D': 未參考的區域變數
  PolarDecode.cpp
D:\尹泰碩論\M10507618\Document\程式\PolarCode_Program\PolarCode_Total\PolarCode\Polar_DEGA\PolarDecode.cpp(24,8): warning C4273: 'atanh': 不一致的 DLL 連結
C:\Program Files (x86)\Windows Kits\10\Include\10.0.22000.0\ucrt\corecrt_math.h(495,47): message : 請參閱 'atanh' 之前的定義
D:\尹泰碩論\M10507618\Document\程式\PolarCode_Program\PolarCode_Total\PolarCode\Polar_DEGA\PolarDecode.cpp(102,12): warning C4244: '=': 將 'double' 轉換為 'int'，由於類型不同，可能導致資料遺失
D:\尹泰碩論\M10507618\Document\程式\PolarCode_Program\PolarCode_Total\PolarCode\Polar_DEGA\PolarDecode.cpp(103,27): warning C4244: '=': 將 'double' 轉換為 'int'，由於類型不同，可能導致資料遺失
D:\尹泰碩論\M10507618\Document\程式\PolarCode_Program\PolarCode_Total\PolarCode\Polar_DEGA\PolarDecode.cpp(116,14): warning C4244: '=': 將 'double' 轉換為 'int'，由於類型不同，可能導致資料遺失
D:\尹泰碩論\M10507618\Document\程式\PolarCode_Program\PolarCode_Total\PolarCode\Polar_DEGA\PolarDecode.cpp(118,12): warning C4244: '=': 將 'double' 轉換為 'int'，由於類型不同，可能導致資料遺失
D:\尹泰碩論\M10507618\Document\程式\PolarCode_Program\PolarCode_Total\PolarCode\Polar_DEGA\PolarDecode.cpp(119,21): warning C4244: '=': 將 'double' 轉換為 'int'，由於類型不同，可能導致資料遺失
D:\尹泰碩論\M10507618\Document\程式\PolarCode_Program\PolarCode_Total\PolarCode\Polar_DEGA\PolarDecode.cpp(147,48): warning C4244: '=': 將 'double' 轉換為 'int'，由於類型不同，可能導致資料遺失
D:\尹泰碩論\M10507618\Document\程式\PolarCode_Program\PolarCode_Total\PolarCode\Polar_DEGA\PolarDecode.cpp(151,28): warning C4244: '=': 將 'double' 轉換為 'int'，由於類型不同，可能導致資料遺失
D:\尹泰碩論\M10507618\Document\程式\PolarCode_Program\PolarCode_Total\PolarCode\Polar_DEGA\PolarDecode.cpp(155,13): warning C4244: '=': 將 'double' 轉換為 'int'，由於類型不同，可能導致資料遺失
D:\尹泰碩論\M10507618\Document\程式\PolarCode_Program\PolarCode_Total\PolarCode\Polar_DEGA\PolarDecode.cpp(156,22): warning C4244: '=': 將 'double' 轉換為 'int'，由於類型不同，可能導致資料遺失
D:\尹泰碩論\M10507618\Document\程式\PolarCode_Program\PolarCode_Total\PolarCode\Polar_DEGA\PolarDecode.cpp(164,20): warning C4244: '=': 將 'double' 轉換為 'int'，由於類型不同，可能導致資料遺失
D:\尹泰碩論\M10507618\Document\程式\PolarCode_Program\PolarCode_Total\PolarCode\Polar_DEGA\PolarDecode.cpp(165,12): warning C4244: '=': 將 'double' 轉換為 'int'，由於類型不同，可能導致資料遺失
D:\尹泰碩論\M10507618\Document\程式\PolarCode_Program\PolarCode_Total\PolarCode\Polar_DEGA\PolarDecode.cpp(166,21): warning C4244: '=': 將 'double' 轉換為 'int'，由於類型不同，可能導致資料遺失
D:\尹泰碩論\M10507618\Document\程式\PolarCode_Program\PolarCode_Total\PolarCode\Polar_DEGA\PolarDecode.cpp(43,6): warning C4101: 'm_count': 未參考的區域變數
D:\尹泰碩論\M10507618\Document\程式\PolarCode_Program\PolarCode_Total\PolarCode\Polar_DEGA\PolarDecode.cpp(265,12): warning C4244: '=': 將 'double' 轉換為 'int'，由於類型不同，可能導致資料遺失
D:\尹泰碩論\M10507618\Document\程式\PolarCode_Program\PolarCode_Total\PolarCode\Polar_DEGA\PolarDecode.cpp(266,27): warning C4244: '=': 將 'double' 轉換為 'int'，由於類型不同，可能導致資料遺失
D:\尹泰碩論\M10507618\Document\程式\PolarCode_Program\PolarCode_Total\PolarCode\Polar_DEGA\PolarDecode.cpp(279,14): warning C4244: '=': 將 'double' 轉換為 'int'，由於類型不同，可能導致資料遺失
D:\尹泰碩論\M10507618\Document\程式\PolarCode_Program\PolarCode_Total\PolarCode\Polar_DEGA\PolarDecode.cpp(281,12): warning C4244: '=': 將 'double' 轉換為 'int'，由於類型不同，可能導致資料遺失
D:\尹泰碩論\M10507618\Document\程式\PolarCode_Program\PolarCode_Total\PolarCode\Polar_DEGA\PolarDecode.cpp(282,21): warning C4244: '=': 將 'double' 轉換為 'int'，由於類型不同，可能導致資料遺失
D:\尹泰碩論\M10507618\Document\程式\PolarCode_Program\PolarCode_Total\PolarCode\Polar_DEGA\PolarDecode.cpp(310,48): warning C4244: '=': 將 'double' 轉換為 'int'，由於類型不同，可能導致資料遺失
D:\尹泰碩論\M10507618\Document\程式\PolarCode_Program\PolarCode_Total\PolarCode\Polar_DEGA\PolarDecode.cpp(314,28): warning C4244: '=': 將 'double' 轉換為 'int'，由於類型不同，可能導致資料遺失
D:\尹泰碩論\M10507618\Document\程式\PolarCode_Program\PolarCode_Total\PolarCode\Polar_DEGA\PolarDecode.cpp(318,13): warning C4244: '=': 將 'double' 轉換為 'int'，由於類型不同，可能導致資料遺失
D:\尹泰碩論\M10507618\Document\程式\PolarCode_Program\PolarCode_Total\PolarCode\Polar_DEGA\PolarDecode.cpp(319,22): warning C4244: '=': 將 'double' 轉換為 'int'，由於類型不同，可能導致資料遺失
D:\尹泰碩論\M10507618\Document\程式\PolarCode_Program\PolarCode_Total\PolarCode\Polar_DEGA\PolarDecode.cpp(327,20): warning C4244: '=': 將 'double' 轉換為 'int'，由於類型不同，可能導致資料遺失
D:\尹泰碩論\M10507618\Document\程式\PolarCode_Program\PolarCode_Total\PolarCode\Polar_DEGA\PolarDecode.cpp(328,12): warning C4244: '=': 將 'double' 轉換為 'int'，由於類型不同，可能導致資料遺失
D:\尹泰碩論\M10507618\Document\程式\PolarCode_Program\PolarCode_Total\PolarCode\Polar_DEGA\PolarDecode.cpp(329,21): warning C4244: '=': 將 'double' 轉換為 'int'，由於類型不同，可能導致資料遺失
D:\尹泰碩論\M10507618\Document\程式\PolarCode_Program\PolarCode_Total\PolarCode\Polar_DEGA\PolarDecode.cpp(202,6): warning C4101: 'm_count': 未參考的區域變數
D:\尹泰碩論\M10507618\Document\程式\PolarCode_Program\PolarCode_Total\PolarCode\Polar_DEGA\PolarDecode.cpp(493,12): warning C4244: '=': 將 'double' 轉換為 'int'，由於類型不同，可能導致資料遺失
D:\尹泰碩論\M10507618\Document\程式\PolarCode_Program\PolarCode_Total\PolarCode\Polar_DEGA\PolarDecode.cpp(494,27): warning C4244: '=': 將 'double' 轉換為 'int'，由於類型不同，可能導致資料遺失
D:\尹泰碩論\M10507618\Document\程式\PolarCode_Program\PolarCode_Total\PolarCode\Polar_DEGA\PolarDecode.cpp(507,14): warning C4244: '=': 將 'double' 轉換為 'int'，由於類型不同，可能導致資料遺失
D:\尹泰碩論\M10507618\Document\程式\PolarCode_Program\PolarCode_Total\PolarCode\Polar_DEGA\PolarDecode.cpp(509,12): warning C4244: '=': 將 'double' 轉換為 'int'，由於類型不同，可能導致資料遺失
D:\尹泰碩論\M10507618\Document\程式\PolarCode_Program\PolarCode_Total\PolarCode\Polar_DEGA\PolarDecode.cpp(510,21): warning C4244: '=': 將 'double' 轉換為 'int'，由於類型不同，可能導致資料遺失
D:\尹泰碩論\M10507618\Document\程式\PolarCode_Program\PolarCode_Total\PolarCode\Polar_DEGA\PolarDecode.cpp(539,48): warning C4244: '=': 將 'double' 轉換為 'int'，由於類型不同，可能導致資料遺失
D:\尹泰碩論\M10507618\Document\程式\PolarCode_Program\PolarCode_Total\PolarCode\Polar_DEGA\PolarDecode.cpp(543,28): warning C4244: '=': 將 'double' 轉換為 'int'，由於類型不同，可能導致資料遺失
D:\尹泰碩論\M10507618\Document\程式\PolarCode_Program\PolarCode_Total\PolarCode\Polar_DEGA\PolarDecode.cpp(547,13): warning C4244: '=': 將 'double' 轉換為 'int'，由於類型不同，可能導致資料遺失
D:\尹泰碩論\M10507618\Document\程式\PolarCode_Program\PolarCode_Total\PolarCode\Polar_DEGA\PolarDecode.cpp(548,22): warning C4244: '=': 將 'double' 轉換為 'int'，由於類型不同，可能導致資料遺失
D:\尹泰碩論\M10507618\Document\程式\PolarCode_Program\PolarCode_Total\PolarCode\Polar_DEGA\PolarDecode.cpp(556,20): warning C4244: '=': 將 'double' 轉換為 'int'，由於類型不同，可能導致資料遺失
D:\尹泰碩論\M10507618\Document\程式\PolarCode_Program\PolarCode_Total\PolarCode\Polar_DEGA\PolarDecode.cpp(557,12): warning C4244: '=': 將 'double' 轉換為 'int'，由於類型不同，可能導致資料遺失
D:\尹泰碩論\M10507618\Document\程式\PolarCode_Program\PolarCode_Total\PolarCode\Polar_DEGA\PolarDecode.cpp(558,21): warning C4244: '=': 將 'double' 轉換為 'int'，由於類型不同，可能導致資料遺失
D:\尹泰碩論\M10507618\Document\程式\PolarCode_Program\PolarCode_Total\PolarCode\Polar_DEGA\PolarDecode.cpp(379,35): warning C4101: 'sum': 未參考的區域變數
D:\尹泰碩論\M10507618\Document\程式\PolarCode_Program\PolarCode_Total\PolarCode\Polar_DEGA\PolarDecode.cpp(379,40): warning C4101: 'sqr_0': 未參考的區域變數
D:\尹泰碩論\M10507618\Document\程式\PolarCode_Program\PolarCode_Total\PolarCode\Polar_DEGA\PolarDecode.cpp(380,6): warning C4101: 'm_count': 未參考的區域變數
D:\尹泰碩論\M10507618\Document\程式\PolarCode_Program\PolarCode_Total\PolarCode\Polar_DEGA\PolarDecode.cpp(381,9): warning C4101: 'tp': 未參考的區域變數
D:\尹泰碩論\M10507618\Document\程式\PolarCode_Program\PolarCode_Total\PolarCode\Polar_DEGA\PolarDecode.cpp(379,47): warning C4101: 'sqr_1': 未參考的區域變數
D:\尹泰碩論\M10507618\Document\程式\PolarCode_Program\PolarCode_Total\PolarCode\Polar_DEGA\PolarDecode.cpp(380,15): warning C4101: 'con_num': 未參考的區域變數
D:\尹泰碩論\M10507618\Document\程式\PolarCode_Program\PolarCode_Total\PolarCode\Polar_DEGA\PolarDecode.cpp(721,12): warning C4244: '=': 將 'double' 轉換為 'int'，由於類型不同，可能導致資料遺失
D:\尹泰碩論\M10507618\Document\程式\PolarCode_Program\PolarCode_Total\PolarCode\Polar_DEGA\PolarDecode.cpp(722,27): warning C4244: '=': 將 'double' 轉換為 'int'，由於類型不同，可能導致資料遺失
D:\尹泰碩論\M10507618\Document\程式\PolarCode_Program\PolarCode_Total\PolarCode\Polar_DEGA\PolarDecode.cpp(735,14): warning C4244: '=': 將 'double' 轉換為 'int'，由於類型不同，可能導致資料遺失
D:\尹泰碩論\M10507618\Document\程式\PolarCode_Program\PolarCode_Total\PolarCode\Polar_DEGA\PolarDecode.cpp(737,12): warning C4244: '=': 將 'double' 轉換為 'int'，由於類型不同，可能導致資料遺失
D:\尹泰碩論\M10507618\Document\程式\PolarCode_Program\PolarCode_Total\PolarCode\Polar_DEGA\PolarDecode.cpp(738,21): warning C4244: '=': 將 'double' 轉換為 'int'，由於類型不同，可能導致資料遺失
D:\尹泰碩論\M10507618\Document\程式\PolarCode_Program\PolarCode_Total\PolarCode\Polar_DEGA\PolarDecode.cpp(768,48): warning C4244: '=': 將 'double' 轉換為 'int'，由於類型不同，可能導致資料遺失
D:\尹泰碩論\M10507618\Document\程式\PolarCode_Program\PolarCode_Total\PolarCode\Polar_DEGA\PolarDecode.cpp(772,28): warning C4244: '=': 將 'double' 轉換為 'int'，由於類型不同，可能導致資料遺失
D:\尹泰碩論\M10507618\Document\程式\PolarCode_Program\PolarCode_Total\PolarCode\Polar_DEGA\PolarDecode.cpp(776,13): warning C4244: '=': 將 'double' 轉換為 'int'，由於類型不同，可能導致資料遺失
D:\尹泰碩論\M10507618\Document\程式\PolarCode_Program\PolarCode_Total\PolarCode\Polar_DEGA\PolarDecode.cpp(777,22): warning C4244: '=': 將 'double' 轉換為 'int'，由於類型不同，可能導致資料遺失
D:\尹泰碩論\M10507618\Document\程式\PolarCode_Program\PolarCode_Total\PolarCode\Polar_DEGA\PolarDecode.cpp(785,20): warning C4244: '=': 將 'double' 轉換為 'int'，由於類型不同，可能導致資料遺失
D:\尹泰碩論\M10507618\Document\程式\PolarCode_Program\PolarCode_Total\PolarCode\Polar_DEGA\PolarDecode.cpp(786,12): warning C4244: '=': 將 'double' 轉換為 'int'，由於類型不同，可能導致資料遺失
D:\尹泰碩論\M10507618\Document\程式\PolarCode_Program\PolarCode_Total\PolarCode\Polar_DEGA\PolarDecode.cpp(787,21): warning C4244: '=': 將 'double' 轉換為 'int'，由於類型不同，可能導致資料遺失
D:\尹泰碩論\M10507618\Document\程式\PolarCode_Program\PolarCode_Total\PolarCode\Polar_DEGA\PolarDecode.cpp(609,6): warning C4101: 'm_count': 未參考的區域變數
D:\尹泰碩論\M10507618\Document\程式\PolarCode_Program\PolarCode_Total\PolarCode\Polar_DEGA\PolarDecode.cpp(1014,11): warning C4244: '=': 將 'double' 轉換為 'int'，由於類型不同，可能導致資料遺失
D:\尹泰碩論\M10507618\Document\程式\PolarCode_Program\PolarCode_Total\PolarCode\Polar_DEGA\PolarDecode.cpp(1015,12): warning C4244: '=': 將 'double' 轉換為 'int'，由於類型不同，可能導致資料遺失
D:\尹泰碩論\M10507618\Document\程式\PolarCode_Program\PolarCode_Total\PolarCode\Polar_DEGA\PolarDecode.cpp(1058,11): warning C4244: '=': 將 'double' 轉換為 'int'，由於類型不同，可能導致資料遺失
D:\尹泰碩論\M10507618\Document\程式\PolarCode_Program\PolarCode_Total\PolarCode\Polar_DEGA\PolarDecode.cpp(1059,12): warning C4244: '=': 將 'double' 轉換為 'int'，由於類型不同，可能導致資料遺失
D:\尹泰碩論\M10507618\Document\程式\PolarCode_Program\PolarCode_Total\PolarCode\Polar_DEGA\PolarDecode.cpp(1121,11): warning C4244: '=': 將 'double' 轉換為 'int'，由於類型不同，可能導致資料遺失
D:\尹泰碩論\M10507618\Document\程式\PolarCode_Program\PolarCode_Total\PolarCode\Polar_DEGA\PolarDecode.cpp(1122,12): warning C4244: '=': 將 'double' 轉換為 'int'，由於類型不同，可能導致資料遺失
D:\尹泰碩論\M10507618\Document\程式\PolarCode_Program\PolarCode_Total\PolarCode\Polar_DEGA\PolarDecode.cpp(844,6): warning C4101: 'm_count': 未參考的區域變數
D:\尹泰碩論\M10507618\Document\程式\PolarCode_Program\PolarCode_Total\PolarCode\Polar_DEGA\PolarDecode.cpp(826,26): warning C4101: 'lastlevel': 未參考的區域變數
D:\尹泰碩論\M10507618\Document\程式\PolarCode_Program\PolarCode_Total\PolarCode\Polar_DEGA\PolarDecode.cpp(832,9): warning C4101: 'info': 未參考的區域變數
D:\尹泰碩論\M10507618\Document\程式\PolarCode_Program\PolarCode_Total\PolarCode\Polar_DEGA\PolarDecode.cpp(827,6): warning C4101: 'j': 未參考的區域變數
D:\尹泰碩論\M10507618\Document\程式\PolarCode_Program\PolarCode_Total\PolarCode\Polar_DEGA\PolarDecode.cpp(826,15): warning C4101: 'nextlevel': 未參考的區域變數
D:\尹泰碩論\M10507618\Document\程式\PolarCode_Program\PolarCode_Total\PolarCode\Polar_DEGA\PolarDecode.cpp(1447,11): warning C4244: '=': 將 'double' 轉換為 'int'，由於類型不同，可能導致資料遺失
D:\尹泰碩論\M10507618\Document\程式\PolarCode_Program\PolarCode_Total\PolarCode\Polar_DEGA\PolarDecode.cpp(1448,12): warning C4244: '=': 將 'double' 轉換為 'int'，由於類型不同，可能導致資料遺失
D:\尹泰碩論\M10507618\Document\程式\PolarCode_Program\PolarCode_Total\PolarCode\Polar_DEGA\PolarDecode.cpp(1486,11): warning C4244: '=': 將 'double' 轉換為 'int'，由於類型不同，可能導致資料遺失
D:\尹泰碩論\M10507618\Document\程式\PolarCode_Program\PolarCode_Total\PolarCode\Polar_DEGA\PolarDecode.cpp(1487,12): warning C4244: '=': 將 'double' 轉換為 'int'，由於類型不同，可能導致資料遺失
D:\尹泰碩論\M10507618\Document\程式\PolarCode_Program\PolarCode_Total\PolarCode\Polar_DEGA\PolarDecode.cpp(1547,11): warning C4244: '=': 將 'double' 轉換為 'int'，由於類型不同，可能導致資料遺失
D:\尹泰碩論\M10507618\Document\程式\PolarCode_Program\PolarCode_Total\PolarCode\Polar_DEGA\PolarDecode.cpp(1548,12): warning C4244: '=': 將 'double' 轉換為 'int'，由於類型不同，可能導致資料遺失
D:\尹泰碩論\M10507618\Document\程式\PolarCode_Program\PolarCode_Total\PolarCode\Polar_DEGA\PolarDecode.cpp(1276,6): warning C4101: 'm_count': 未參考的區域變數
D:\尹泰碩論\M10507618\Document\程式\PolarCode_Program\PolarCode_Total\PolarCode\Polar_DEGA\PolarDecode.cpp(1259,26): warning C4101: 'lastlevel': 未參考的區域變數
D:\尹泰碩論\M10507618\Document\程式\PolarCode_Program\PolarCode_Total\PolarCode\Polar_DEGA\PolarDecode.cpp(1265,9): warning C4101: 'info': 未參考的區域變數
D:\尹泰碩論\M10507618\Document\程式\PolarCode_Program\PolarCode_Total\PolarCode\Polar_DEGA\PolarDecode.cpp(1260,6): warning C4101: 'j': 未參考的區域變數
D:\尹泰碩論\M10507618\Document\程式\PolarCode_Program\PolarCode_Total\PolarCode\Polar_DEGA\PolarDecode.cpp(1259,15): warning C4101: 'nextlevel': 未參考的區域變數
  PolarEncode.cpp
D:\尹泰碩論\M10507618\Document\程式\PolarCode_Program\PolarCode_Total\PolarCode\Polar_DEGA\PolarEncode.cpp(21,10): warning C4244: '=': 將 'double' 轉換為 'int'，由於類型不同，可能導致資料遺失
D:\尹泰碩論\M10507618\Document\程式\PolarCode_Program\PolarCode_Total\PolarCode\Polar_DEGA\PolarEncode.cpp(22,11): warning C4244: '=': 將 'double' 轉換為 'int'，由於類型不同，可能導致資料遺失
D:\尹泰碩論\M10507618\Document\程式\PolarCode_Program\PolarCode_Total\PolarCode\Polar_DEGA\PolarEncode.cpp(28,11): warning C4244: '正在初始化': 將 'double' 轉換為 'int'，由於類型不同，可能導致資料遺失
D:\尹泰碩論\M10507618\Document\程式\PolarCode_Program\PolarCode_Total\PolarCode\Polar_DEGA\PolarEncode.cpp(75,16): warning C4244: '=': 將 'double' 轉換為 'int'，由於類型不同，可能導致資料遺失
D:\尹泰碩論\M10507618\Document\程式\PolarCode_Program\PolarCode_Total\PolarCode\Polar_DEGA\PolarEncode.cpp(76,19): warning C4244: '=': 將 'double' 轉換為 'int'，由於類型不同，可能導致資料遺失
D:\尹泰碩論\M10507618\Document\程式\PolarCode_Program\PolarCode_Total\PolarCode\Polar_DEGA\PolarEncode.cpp(107,10): warning C4244: '正在初始化': 將 'double' 轉換為 'int'，由於類型不同，可能導致資料遺失
D:\尹泰碩論\M10507618\Document\程式\PolarCode_Program\PolarCode_Total\PolarCode\Polar_DEGA\PolarEncode.cpp(108,10): warning C4244: '正在初始化': 將 'double' 轉換為 'int'，由於類型不同，可能導致資料遺失
  Precomputation.cpp
D:\尹泰碩論\M10507618\Document\程式\PolarCode_Program\PolarCode_Total\PolarCode\Polar_DEGA\Precomputation.cpp(25,50): warning C4244: '=': 將 'double' 轉換為 'int'，由於類型不同，可能導致資料遺失
  正在產生程式碼...
     正在建立程式庫 D:\尹泰碩論\M10507618\Document\程式\PolarCode_Program\PolarCode_Total\PolarCode\x64\Debug\PolarCode.lib 和物件 D:\尹泰碩論\M10507618\Document\程式\PolarCode_Program\PolarCode_Total\PolarCode\x64\Debug\PolarCode.exp
  Polar_DEGA.vcxproj -> D:\尹泰碩論\M10507618\Document\程式\PolarCode_Program\PolarCode_Total\PolarCode\x64\Debug\PolarCode.exe
